@storybook/cli v7.0.6

info => Cleaning outputDir: C:\Users\vivek\AppData\Local\Temp\chromatic--29304-HZ8lf5hsJ2gv
info => Loading presets
info => Building manager..
info => Manager built (399 ms)
info => Copying static files: C:\Users\vivek\Desktop\strory book\taskbox\node_modules\.pnpm\@storybook+manager@7.0.6\node_modules\@storybook\manager\static at C:\Users\vivek\AppData\Local\Temp\chromatic--29304-HZ8lf5hsJ2gv\sb-common-assets
[36mvite v4.2.0 [32mbuilding for production...[36m[39m
info => Copying static files: C:\Users\vivek\Desktop\strory book\taskbox\public at C:\Users\vivek\AppData\Local\Temp\chromatic--29304-HZ8lf5hsJ2gv\

./sb-common-assets/fonts.css doesn't exist at build time, it will remain unchanged to be resolved at runtime
transforming...
node_modules/.pnpm/telejson@7.1.0/node_modules/telejson/dist/index.mjs (1394:15) Use of eval in "node_modules/.pnpm/telejson@7.1.0/node_modules/telejson/dist/index.mjs" is strongly discouraged as it poses security risks and may cause issues with minification.
node_modules/.pnpm/telejson@7.1.0/node_modules/telejson/dist/index.mjs (1397:18) Use of eval in "node_modules/.pnpm/telejson@7.1.0/node_modules/telejson/dist/index.mjs" is strongly discouraged as it poses security risks and may cause issues with minification.
[32m✓[39m 1675 modules transformed.
rendering chunks...
[33mwarnings when minifying css:
▲ [WARNING] CSS nesting syntax is not supported in the configured target environment ("chrome87", "edge88", "es2020", "firefox78", "safari14") [unsupported-css-nesting]

    <stdin>:36:2:
      36 │   *vertical-align: middle;
         ╵   ^


▲ [WARNING] Expected identifier but found whitespace [css-syntax-error]

    <stdin>:36:18:
      36 │   *vertical-align: middle;
         ╵                   ^


▲ [WARNING] Unexpected ";" [css-syntax-error]

    <stdin>:36:25:
      36 │   *vertical-align: middle;
         ╵                          ^

[39m
computing gzip size...
[2m../../../AppData/Local/Temp/chromatic--29304-HZ8lf5hsJ2gv/[22m[32miframe.html                                         [39m[1m[2m 12.60 kB[22m[1m[22m
[2m../../../AppData/Local/Temp/chromatic--29304-HZ8lf5hsJ2gv/[22m[32massets/percolate-dac75269.ttf                       [39m[1m[2m 34.04 kB[22m[1m[22m
[2m../../../AppData/Local/Temp/chromatic--29304-HZ8lf5hsJ2gv/[22m[32massets/percolate-ec979d96.woff                      [39m[1m[2m 34.11 kB[22m[1m[22m
[2m../../../AppData/Local/Temp/chromatic--29304-HZ8lf5hsJ2gv/[22m[32massets/percolate-5ed633c2.eot                       [39m[1m[2m 34.21 kB[22m[1m[22m
[2m../../../AppData/Local/Temp/chromatic--29304-HZ8lf5hsJ2gv/[22m[32massets/percolate-d13fa91b.svg                       [39m[1m[2m140.51 kB[22m[1m[22m
[2m../../../AppData/Local/Temp/chromatic--29304-HZ8lf5hsJ2gv/[22m[35massets/preview-7623e708.css                         [39m[1m[2m  6.91 kB[22m[1m[22m[2m │ gzip:   2.07 kB[22m
[2m../../../AppData/Local/Temp/chromatic--29304-HZ8lf5hsJ2gv/[22m[36massets/index-d475d2ea.js                            [39m[1m[2m  0.21 kB[22m[1m[22m[2m │ gzip:   0.17 kB[22m[2m │ map:     0.86 kB[22m
[2m../../../AppData/Local/Temp/chromatic--29304-HZ8lf5hsJ2gv/[22m[36massets/_commonjs-dynamic-modules-302442b1.js        [39m[1m[2m  0.30 kB[22m[1m[22m[2m │ gzip:   0.24 kB[22m[2m │ map:     0.12 kB[22m
[2m../../../AppData/Local/Temp/chromatic--29304-HZ8lf5hsJ2gv/[22m[36massets/WithTooltip-FBT32F6Q-ab6b1ea7.js             [39m[1m[2m  0.55 kB[22m[1m[22m[2m │ gzip:   0.32 kB[22m[2m │ map:     0.11 kB[22m
[2m../../../AppData/Local/Temp/chromatic--29304-HZ8lf5hsJ2gv/[22m[36massets/syntaxhighlighter-QTQ2UBB4-b032dc7f.js       [39m[1m[2m  0.57 kB[22m[1m[22m[2m │ gzip:   0.35 kB[22m[2m │ map:     0.12 kB[22m
[2m../../../AppData/Local/Temp/chromatic--29304-HZ8lf5hsJ2gv/[22m[36massets/index-6d7aa4ee.js                            [39m[1m[2m  0.62 kB[22m[1m[22m[2m │ gzip:   0.38 kB[22m[2m │ map:     4.32 kB[22m
[2m../../../AppData/Local/Temp/chromatic--29304-HZ8lf5hsJ2gv/[22m[36massets/preview-0435c720.js                          [39m[1m[2m  0.69 kB[22m[1m[22m[2m │ gzip:   0.49 kB[22m[2m │ map:     4.00 kB[22m
[2m../../../AppData/Local/Temp/chromatic--29304-HZ8lf5hsJ2gv/[22m[36massets/_commonjsHelpers-042e6b4d.js                 [39m[1m[2m  0.78 kB[22m[1m[22m[2m │ gzip:   0.44 kB[22m[2m │ map:     0.11 kB[22m
[2m../../../AppData/Local/Temp/chromatic--29304-HZ8lf5hsJ2gv/[22m[36massets/index-4d501b15.js                            [39m[1m[2m  0.80 kB[22m[1m[22m[2m │ gzip:   0.52 kB[22m[2m │ map:     4.16 kB[22m
[2m../../../AppData/Local/Temp/chromatic--29304-HZ8lf5hsJ2gv/[22m[36massets/index-356e4a49.js                            [39m[1m[2m  0.81 kB[22m[1m[22m[2m │ gzip:   0.51 kB[22m[2m │ map:     3.28 kB[22m
[2m../../../AppData/Local/Temp/chromatic--29304-HZ8lf5hsJ2gv/[22m[36massets/preview-0e64dc9c.js                          [39m[1m[2m  0.83 kB[22m[1m[22m[2m │ gzip:   0.49 kB[22m[2m │ map:     1.37 kB[22m
[2m../../../AppData/Local/Temp/chromatic--29304-HZ8lf5hsJ2gv/[22m[36massets/preview-b1164a2e.js                          [39m[1m[2m  0.88 kB[22m[1m[22m[2m │ gzip:   0.58 kB[22m[2m │ map:     2.88 kB[22m
[2m../../../AppData/Local/Temp/chromatic--29304-HZ8lf5hsJ2gv/[22m[36massets/preview-879049a1.js                          [39m[1m[2m  1.06 kB[22m[1m[22m[2m │ gzip:   0.69 kB[22m[2m │ map:     3.25 kB[22m
[2m../../../AppData/Local/Temp/chromatic--29304-HZ8lf5hsJ2gv/[22m[36massets/preview-bb5acd95.js                          [39m[1m[2m  2.38 kB[22m[1m[22m[2m │ gzip:   1.26 kB[22m[2m │ map:    10.56 kB[22m
[2m../../../AppData/Local/Temp/chromatic--29304-HZ8lf5hsJ2gv/[22m[36massets/index-d37d4223.js                            [39m[1m[2m  2.63 kB[22m[1m[22m[2m │ gzip:   1.30 kB[22m[2m │ map:     7.49 kB[22m
[2m../../../AppData/Local/Temp/chromatic--29304-HZ8lf5hsJ2gv/[22m[36massets/Task.stories-acc802c3.js                     [39m[1m[2m  3.27 kB[22m[1m[22m[2m │ gzip:   1.48 kB[22m[2m │ map:     5.01 kB[22m
[2m../../../AppData/Local/Temp/chromatic--29304-HZ8lf5hsJ2gv/[22m[36massets/preview-f96f0111.js                          [39m[1m[2m  3.29 kB[22m[1m[22m[2m │ gzip:   1.41 kB[22m[2m │ map:    10.23 kB[22m
[2m../../../AppData/Local/Temp/chromatic--29304-HZ8lf5hsJ2gv/[22m[36massets/preview-596174f5.js                          [39m[1m[2m  3.78 kB[22m[1m[22m[2m │ gzip:   1.80 kB[22m[2m │ map:    14.61 kB[22m
[2m../../../AppData/Local/Temp/chromatic--29304-HZ8lf5hsJ2gv/[22m[36massets/iframe-1a16d367.js                           [39m[1m[2m  4.87 kB[22m[1m[22m[2m │ gzip:   1.71 kB[22m[2m │ map:     5.57 kB[22m
[2m../../../AppData/Local/Temp/chromatic--29304-HZ8lf5hsJ2gv/[22m[36massets/index-f1f749bf.js                            [39m[1m[2m  7.25 kB[22m[1m[22m[2m │ gzip:   2.96 kB[22m[2m │ map:    15.72 kB[22m
[2m../../../AppData/Local/Temp/chromatic--29304-HZ8lf5hsJ2gv/[22m[36massets/preview-62235626.js                          [39m[1m[2m  7.69 kB[22m[1m[22m[2m │ gzip:   1.60 kB[22m[2m │ map:    13.83 kB[22m
[2m../../../AppData/Local/Temp/chromatic--29304-HZ8lf5hsJ2gv/[22m[36massets/preview-e6f1f377.js                          [39m[1m[2m  7.97 kB[22m[1m[22m[2m │ gzip:   3.03 kB[22m[2m │ map:    28.31 kB[22m
[2m../../../AppData/Local/Temp/chromatic--29304-HZ8lf5hsJ2gv/[22m[36massets/GlobalScrollAreaStyles-XIHNDKUY-41cee36f.js  [39m[1m[2m 10.53 kB[22m[1m[22m[2m │ gzip:   2.40 kB[22m[2m │ map:    15.77 kB[22m
[2m../../../AppData/Local/Temp/chromatic--29304-HZ8lf5hsJ2gv/[22m[36massets/preview-643ac584.js                          [39m[1m[2m 21.08 kB[22m[1m[22m[2m │ gzip:   6.99 kB[22m[2m │ map:    68.14 kB[22m
[2m../../../AppData/Local/Temp/chromatic--29304-HZ8lf5hsJ2gv/[22m[36massets/Color-3YIJY6X7-b2fa0b2b.js                   [39m[1m[2m 31.11 kB[22m[1m[22m[2m │ gzip:  11.69 kB[22m[2m │ map:   112.78 kB[22m
[2m../../../AppData/Local/Temp/chromatic--29304-HZ8lf5hsJ2gv/[22m[36massets/TaskList.stories-3ea3c99c.js                 [39m[1m[2m 40.29 kB[22m[1m[22m[2m │ gzip:  13.95 kB[22m[2m │ map:   237.09 kB[22m
[2m../../../AppData/Local/Temp/chromatic--29304-HZ8lf5hsJ2gv/[22m[36massets/OverlayScrollbars-VAV6LJAB-8ed15933.js       [39m[1m[2m 59.11 kB[22m[1m[22m[2m │ gzip:  25.35 kB[22m[2m │ map:   277.27 kB[22m
[2m../../../AppData/Local/Temp/chromatic--29304-HZ8lf5hsJ2gv/[22m[36massets/_getPrototype-fd550d43.js                    [39m[1m[2m 78.82 kB[22m[1m[22m[2m │ gzip:  23.66 kB[22m[2m │ map:   328.32 kB[22m
[2m../../../AppData/Local/Temp/chromatic--29304-HZ8lf5hsJ2gv/[22m[36massets/index-96c5f47c.js                            [39m[1m[2m134.19 kB[22m[1m[22m[2m │ gzip:  43.27 kB[22m[2m │ map:   326.81 kB[22m
[2m../../../AppData/Local/Temp/chromatic--29304-HZ8lf5hsJ2gv/[22m[36massets/config-f0c8d0a9.js                           [39m[1m[2m213.67 kB[22m[1m[22m[2m │ gzip:  66.41 kB[22m[2m │ map:   803.48 kB[22m
[2m../../../AppData/Local/Temp/chromatic--29304-HZ8lf5hsJ2gv/[22m[36massets/InboxScreen.stories-6fca6c44.js              [39m[1m[2m268.34 kB[22m[1m[22m[2m │ gzip:  64.14 kB[22m[2m │ map:   957.57 kB[22m
[2m../../../AppData/Local/Temp/chromatic--29304-HZ8lf5hsJ2gv/[22m[36massets/index-953e505b.js                            [39m[1m[2m360.80 kB[22m[1m[22m[2m │ gzip: 110.66 kB[22m[2m │ map: 1,501.59 kB[22m
[2m../../../AppData/Local/Temp/chromatic--29304-HZ8lf5hsJ2gv/[22m[36massets/DocsRenderer-7FRJXR4N-83d1b79f.js            [39m[1m[33m504.82 kB[39m[22m[2m │ gzip: 166.14 kB[22m[2m │ map: 1,438.59 kB[22m
[2m../../../AppData/Local/Temp/chromatic--29304-HZ8lf5hsJ2gv/[22m[36massets/axe-3f4e90e8.js                              [39m[1m[33m535.61 kB[39m[22m[2m │ gzip: 146.92 kB[22m[2m │ map: 1,918.44 kB[22m
[2m../../../AppData/Local/Temp/chromatic--29304-HZ8lf5hsJ2gv/[22m[36massets/formatter-S4K5WUZV-086b2076.js               [39m[1m[33m601.74 kB[39m[22m[2m │ gzip: 185.09 kB[22m[2m │ map: 1,315.99 kB[22m
[33m
(!) Some chunks are larger than 500 kBs after minification. Consider:
- Using dynamic import() to code-split the application
- Use build.rollupOptions.output.manualChunks to improve chunking: https://rollupjs.org/configuration-options/#output-manualchunks
- Adjust chunk size limit for this warning via build.chunkSizeWarningLimit.[39m
[32m✓[39m built in 14.37s
info => Output directory: C:\Users\vivek\AppData\Local\Temp\chromatic--29304-HZ8lf5hsJ2gv
